Using cpu device
Logging to output_test_single/logs/ppo_simglucose_2
---------------------------------
| rollout/           |          |
|    ep_len_mean     | 93.2     |
|    ep_rew_mean     | -37      |
| time/              |          |
|    fps             | 185      |
|    iterations      | 1        |
|    time_elapsed    | 2        |
|    total_timesteps | 480      |
---------------------------------
------------------------------------------
| rollout/                |              |
|    ep_len_mean          | 92.9         |
|    ep_rew_mean          | -36.9        |
| time/                   |              |
|    fps                  | 181          |
|    iterations           | 2            |
|    time_elapsed         | 5            |
|    total_timesteps      | 960          |
| train/                  |              |
|    approx_kl            | 0.0019075372 |
|    clip_fraction        | 0.0025       |
|    clip_range           | 0.15         |
|    entropy_loss         | -1.42        |
|    explained_variance   | 0.00296      |
|    learning_rate        | 0.0003       |
|    loss                 | 41.9         |
|    n_updates            | 10           |
|    policy_gradient_loss | -0.00134     |
|    std                  | 0.998        |
|    value_loss           | 90.5         |
------------------------------------------
------------------------------------------
| rollout/                |              |
|    ep_len_mean          | 93.4         |
|    ep_rew_mean          | -36.7        |
| time/                   |              |
|    fps                  | 179          |
|    iterations           | 3            |
|    time_elapsed         | 8            |
|    total_timesteps      | 1440         |
| train/                  |              |
|    approx_kl            | 0.0006778808 |
|    clip_fraction        | 0.000833     |
|    clip_range           | 0.15         |
|    entropy_loss         | -1.42        |
|    explained_variance   | 0.00788      |
|    learning_rate        | 0.0003       |
|    loss                 | 46.8         |
|    n_updates            | 20           |
|    policy_gradient_loss | -0.000529    |
|    std                  | 1            |
|    value_loss           | 89.2         |
------------------------------------------
-------------------------------------------
| rollout/                |               |
|    ep_len_mean          | 94.2          |
|    ep_rew_mean          | -36.6         |
| time/                   |               |
|    fps                  | 178           |
|    iterations           | 4             |
|    time_elapsed         | 10            |
|    total_timesteps      | 1920          |
| train/                  |               |
|    approx_kl            | 8.0388665e-05 |
|    clip_fraction        | 0             |
|    clip_range           | 0.15          |
|    entropy_loss         | -1.42         |
|    explained_variance   | 0.0053        |
|    learning_rate        | 0.0003        |
|    loss                 | 42.3          |
|    n_updates            | 30            |
|    policy_gradient_loss | -2.33e-05     |
|    std                  | 1.01          |
|    value_loss           | 92.9          |
-------------------------------------------
------------------------------------------
| rollout/                |              |
|    ep_len_mean          | 93.8         |
|    ep_rew_mean          | -36.7        |
| time/                   |              |
|    fps                  | 177          |
|    iterations           | 5            |
|    time_elapsed         | 13           |
|    total_timesteps      | 2400         |
| train/                  |              |
|    approx_kl            | 7.315713e-05 |
|    clip_fraction        | 0            |
|    clip_range           | 0.15         |
|    entropy_loss         | -1.43        |
|    explained_variance   | 0.0162       |
|    learning_rate        | 0.0003       |
|    loss                 | 35           |
|    n_updates            | 40           |
|    policy_gradient_loss | 8.19e-05     |
|    std                  | 1.01         |
|    value_loss           | 78.1         |
------------------------------------------
-------------------------------------------
| rollout/                |               |
|    ep_len_mean          | 93.6          |
|    ep_rew_mean          | -36.7         |
| time/                   |               |
|    fps                  | 176           |
|    iterations           | 6             |
|    time_elapsed         | 16            |
|    total_timesteps      | 2880          |
| train/                  |               |
|    approx_kl            | 2.3642307e-05 |
|    clip_fraction        | 0             |
|    clip_range           | 0.15          |
|    entropy_loss         | -1.43         |
|    explained_variance   | 0.0227        |
|    learning_rate        | 0.0003        |
|    loss                 | 39.8          |
|    n_updates            | 50            |
|    policy_gradient_loss | -2.8e-05      |
|    std                  | 1.01          |
|    value_loss           | 86.1          |
-------------------------------------------
------------------------------------------
| rollout/                |              |
|    ep_len_mean          | 93.3         |
|    ep_rew_mean          | -36.7        |
| time/                   |              |
|    fps                  | 176          |
|    iterations           | 7            |
|    time_elapsed         | 19           |
|    total_timesteps      | 3360         |
| train/                  |              |
|    approx_kl            | 0.0015146548 |
|    clip_fraction        | 0.00271      |
|    clip_range           | 0.15         |
|    entropy_loss         | -1.43        |
|    explained_variance   | 0.0203       |
|    learning_rate        | 0.0003       |
|    loss                 | 36.2         |
|    n_updates            | 60           |
|    policy_gradient_loss | -0.00153     |
|    std                  | 1.01         |
|    value_loss           | 83           |
------------------------------------------
------------------------------------------
| rollout/                |              |
|    ep_len_mean          | 93.6         |
|    ep_rew_mean          | -36.6        |
| time/                   |              |
|    fps                  | 176          |
|    iterations           | 8            |
|    time_elapsed         | 21           |
|    total_timesteps      | 3840         |
| train/                  |              |
|    approx_kl            | 0.0013110405 |
|    clip_fraction        | 0.000208     |
|    clip_range           | 0.15         |
|    entropy_loss         | -1.43        |
|    explained_variance   | 0.0135       |
|    learning_rate        | 0.0003       |
|    loss                 | 35.1         |
|    n_updates            | 70           |
|    policy_gradient_loss | -0.000286    |
|    std                  | 1.01         |
|    value_loss           | 81.1         |
------------------------------------------
-------------------------------------------
| rollout/                |               |
|    ep_len_mean          | 95.1          |
|    ep_rew_mean          | -36.7         |
| time/                   |               |
|    fps                  | 176           |
|    iterations           | 9             |
|    time_elapsed         | 24            |
|    total_timesteps      | 4320          |
| train/                  |               |
|    approx_kl            | 0.00034346245 |
|    clip_fraction        | 0             |
|    clip_range           | 0.15          |
|    entropy_loss         | -1.43         |
|    explained_variance   | 0.00994       |
|    learning_rate        | 0.0003        |
|    loss                 | 34.6          |
|    n_updates            | 80            |
|    policy_gradient_loss | -0.000292     |
|    std                  | 1.01          |
|    value_loss           | 73.9          |
-------------------------------------------
------------------------------------------
| rollout/                |              |
|    ep_len_mean          | 95.6         |
|    ep_rew_mean          | -36.7        |
| time/                   |              |
|    fps                  | 176          |
|    iterations           | 10           |
|    time_elapsed         | 27           |
|    total_timesteps      | 4800         |
| train/                  |              |
|    approx_kl            | 0.0006028903 |
|    clip_fraction        | 0            |
|    clip_range           | 0.15         |
|    entropy_loss         | -1.43        |
|    explained_variance   | 0.0236       |
|    learning_rate        | 0.0003       |
|    loss                 | 33.6         |
|    n_updates            | 90           |
|    policy_gradient_loss | -0.000774    |
|    std                  | 1.01         |
|    value_loss           | 66.7         |
------------------------------------------
------------------------------------------
| rollout/                |              |
|    ep_len_mean          | 96.6         |
|    ep_rew_mean          | -36.7        |
| time/                   |              |
|    fps                  | 177          |
|    iterations           | 11           |
|    time_elapsed         | 29           |
|    total_timesteps      | 5280         |
| train/                  |              |
|    approx_kl            | 0.0025743376 |
|    clip_fraction        | 0.00667      |
|    clip_range           | 0.15         |
|    entropy_loss         | -1.43        |
|    explained_variance   | 0.0238       |
|    learning_rate        | 0.0003       |
|    loss                 | 42.2         |
|    n_updates            | 100          |
|    policy_gradient_loss | -0.00125     |
|    std                  | 1.01         |
|    value_loss           | 81.9         |
------------------------------------------
------------------------------------------
| rollout/                |              |
|    ep_len_mean          | 97.3         |
|    ep_rew_mean          | -36.7        |
| time/                   |              |
|    fps                  | 177          |
|    iterations           | 12           |
|    time_elapsed         | 32           |
|    total_timesteps      | 5760         |
| train/                  |              |
|    approx_kl            | 0.0027441988 |
|    clip_fraction        | 0.0275       |
|    clip_range           | 0.15         |
|    entropy_loss         | -1.43        |
|    explained_variance   | 0.0098       |
|    learning_rate        | 0.0003       |
|    loss                 | 38.6         |
|    n_updates            | 110          |
|    policy_gradient_loss | -0.00184     |
|    std                  | 1.01         |
|    value_loss           | 73.6         |
------------------------------------------
------------------------------------------
| rollout/                |              |
|    ep_len_mean          | 98.1         |
|    ep_rew_mean          | -36.7        |
| time/                   |              |
|    fps                  | 177          |
|    iterations           | 13           |
|    time_elapsed         | 35           |
|    total_timesteps      | 6240         |
| train/                  |              |
|    approx_kl            | 8.005339e-05 |
|    clip_fraction        | 0            |
|    clip_range           | 0.15         |
|    entropy_loss         | -1.43        |
|    explained_variance   | 0.0044       |
|    learning_rate        | 0.0003       |
|    loss                 | 35.7         |
|    n_updates            | 120          |
|    policy_gradient_loss | -3.53e-05    |
|    std                  | 1.02         |
|    value_loss           | 72.4         |
------------------------------------------
-----------------------------------------
| rollout/                |             |
|    ep_len_mean          | 98.7        |
|    ep_rew_mean          | -36.6       |
| time/                   |             |
|    fps                  | 177         |
|    iterations           | 14          |
|    time_elapsed         | 37          |
|    total_timesteps      | 6720        |
| train/                  |             |
|    approx_kl            | 0.003770372 |
|    clip_fraction        | 0.0323      |
|    clip_range           | 0.15        |
|    entropy_loss         | -1.44       |
|    explained_variance   | 0.02        |
|    learning_rate        | 0.0003      |
|    loss                 | 31.3        |
|    n_updates            | 130         |
|    policy_gradient_loss | -0.00126    |
|    std                  | 1.02        |
|    value_loss           | 63.3        |
-----------------------------------------
------------------------------------------
| rollout/                |              |
|    ep_len_mean          | 99.7         |
|    ep_rew_mean          | -36.6        |
| time/                   |              |
|    fps                  | 177          |
|    iterations           | 15           |
|    time_elapsed         | 40           |
|    total_timesteps      | 7200         |
| train/                  |              |
|    approx_kl            | 0.0019007168 |
|    clip_fraction        | 0.0152       |
|    clip_range           | 0.15         |
|    entropy_loss         | -1.44        |
|    explained_variance   | 0.00534      |
|    learning_rate        | 0.0003       |
|    loss                 | 38.2         |
|    n_updates            | 140          |
|    policy_gradient_loss | -0.000454    |
|    std                  | 1.02         |
|    value_loss           | 78.9         |
------------------------------------------
------------------------------------------
| rollout/                |              |
|    ep_len_mean          | 99.9         |
|    ep_rew_mean          | -36.4        |
| time/                   |              |
|    fps                  | 178          |
|    iterations           | 16           |
|    time_elapsed         | 43           |
|    total_timesteps      | 7680         |
| train/                  |              |
|    approx_kl            | 0.0003132203 |
|    clip_fraction        | 0.0119       |
|    clip_range           | 0.15         |
|    entropy_loss         | -1.44        |
|    explained_variance   | -0.00467     |
|    learning_rate        | 0.0003       |
|    loss                 | 37.7         |
|    n_updates            | 150          |
|    policy_gradient_loss | 0.0015       |
|    std                  | 1.03         |
|    value_loss           | 76.7         |
------------------------------------------
-----------------------------------------
| rollout/                |             |
|    ep_len_mean          | 100         |
|    ep_rew_mean          | -36.3       |
| time/                   |             |
|    fps                  | 178         |
|    iterations           | 17          |
|    time_elapsed         | 45          |
|    total_timesteps      | 8160        |
| train/                  |             |
|    approx_kl            | 0.002982785 |
|    clip_fraction        | 0.0379      |
|    clip_range           | 0.15        |
|    entropy_loss         | -1.45       |
|    explained_variance   | 0.0143      |
|    learning_rate        | 0.0003      |
|    loss                 | 47.7        |
|    n_updates            | 160         |
|    policy_gradient_loss | 0.00147     |
|    std                  | 1.03        |
|    value_loss           | 102         |
-----------------------------------------
------------------------------------------
| rollout/                |              |
|    ep_len_mean          | 100          |
|    ep_rew_mean          | -36.3        |
| time/                   |              |
|    fps                  | 178          |
|    iterations           | 18           |
|    time_elapsed         | 48           |
|    total_timesteps      | 8640         |
| train/                  |              |
|    approx_kl            | 0.0024955045 |
|    clip_fraction        | 0.0821       |
|    clip_range           | 0.15         |
|    entropy_loss         | -1.45        |
|    explained_variance   | 0.0165       |
|    learning_rate        | 0.0003       |
|    loss                 | 52.8         |
|    n_updates            | 170          |
|    policy_gradient_loss | -0.00276     |
|    std                  | 1.03         |
|    value_loss           | 104          |
------------------------------------------
------------------------------------------
| rollout/                |              |
|    ep_len_mean          | 101          |
|    ep_rew_mean          | -36.4        |
| time/                   |              |
|    fps                  | 178          |
|    iterations           | 19           |
|    time_elapsed         | 51           |
|    total_timesteps      | 9120         |
| train/                  |              |
|    approx_kl            | 0.0003186607 |
|    clip_fraction        | 0            |
|    clip_range           | 0.15         |
|    entropy_loss         | -1.45        |
|    explained_variance   | 0.00842      |
|    learning_rate        | 0.0003       |
|    loss                 | 37.6         |
|    n_updates            | 180          |
|    policy_gradient_loss | 0.000998     |
|    std                  | 1.03         |
|    value_loss           | 78.8         |
------------------------------------------
-------------------------------------------
| rollout/                |               |
|    ep_len_mean          | 101           |
|    ep_rew_mean          | -36.4         |
| time/                   |               |
|    fps                  | 178           |
|    iterations           | 20            |
|    time_elapsed         | 53            |
|    total_timesteps      | 9600          |
| train/                  |               |
|    approx_kl            | 5.3534408e-05 |
|    clip_fraction        | 0             |
|    clip_range           | 0.15          |
|    entropy_loss         | -1.45         |
|    explained_variance   | 0.0108        |
|    learning_rate        | 0.0003        |
|    loss                 | 39.7          |
|    n_updates            | 190           |
|    policy_gradient_loss | 3.61e-05      |
|    std                  | 1.03          |
|    value_loss           | 88.2          |
-------------------------------------------
Eval num_timesteps=10000, episode_reward=-98.23 +/- 0.00
Episode length: 424.00 +/- 0.00
------------------------------------------
| eval/                   |              |
|    mean_ep_length       | 424          |
|    mean_reward          | -98.2        |
| time/                   |              |
|    total_timesteps      | 10000        |
| train/                  |              |
|    approx_kl            | 0.0010277578 |
|    clip_fraction        | 0.00146      |
|    clip_range           | 0.15         |
|    entropy_loss         | -1.45        |
|    explained_variance   | 0.00657      |
|    learning_rate        | 0.0003       |
|    loss                 | 44.2         |
|    n_updates            | 200          |
|    policy_gradient_loss | -0.000954    |
|    std                  | 1.04         |
|    value_loss           | 88.2         |
------------------------------------------
New best mean reward!
---------------------------------
| rollout/           |          |
|    ep_len_mean     | 101      |
|    ep_rew_mean     | -36.4    |
| time/              |          |
|    fps             | 153      |
|    iterations      | 21       |
|    time_elapsed    | 65       |
|    total_timesteps | 10080    |
---------------------------------
------------------------------------------
| rollout/                |              |
|    ep_len_mean          | 102          |
|    ep_rew_mean          | -36.4        |
| time/                   |              |
|    fps                  | 154          |
|    iterations           | 22           |
|    time_elapsed         | 68           |
|    total_timesteps      | 10560        |
| train/                  |              |
|    approx_kl            | 0.0013698468 |
|    clip_fraction        | 0.000417     |
|    clip_range           | 0.15         |
|    entropy_loss         | -1.45        |
|    explained_variance   | 0.0196       |
|    learning_rate        | 0.0003       |
|    loss                 | 43.6         |
|    n_updates            | 210          |
|    policy_gradient_loss | -0.000685    |
|    std                  | 1.03         |
|    value_loss           | 91.8         |
------------------------------------------
------------------------------------------
| rollout/                |              |
|    ep_len_mean          | 102          |
|    ep_rew_mean          | -36.3        |
| time/                   |              |
|    fps                  | 155          |
|    iterations           | 23           |
|    time_elapsed         | 70           |
|    total_timesteps      | 11040        |
| train/                  |              |
|    approx_kl            | 0.0013162288 |
|    clip_fraction        | 0.000208     |
|    clip_range           | 0.15         |
|    entropy_loss         | -1.45        |
|    explained_variance   | 0.00573      |
|    learning_rate        | 0.0003       |
|    loss                 | 35.3         |
|    n_updates            | 220          |
|    policy_gradient_loss | -0.00217     |
|    std                  | 1.03         |
|    value_loss           | 84.5         |
------------------------------------------
-------------------------------------------
| rollout/                |               |
|    ep_len_mean          | 102           |
|    ep_rew_mean          | -36.3         |
| time/                   |               |
|    fps                  | 156           |
|    iterations           | 24            |
|    time_elapsed         | 73            |
|    total_timesteps      | 11520         |
| train/                  |               |
|    approx_kl            | 0.00040263124 |
|    clip_fraction        | 0             |
|    clip_range           | 0.15          |
|    entropy_loss         | -1.45         |
|    explained_variance   | 0.016         |
|    learning_rate        | 0.0003        |
|    loss                 | 50.3          |
|    n_updates            | 230           |
|    policy_gradient_loss | -3.26e-05     |
|    std                  | 1.04          |
|    value_loss           | 97.9          |
-------------------------------------------
------------------------------------------
| rollout/                |              |
|    ep_len_mean          | 102          |
|    ep_rew_mean          | -36.3        |
| time/                   |              |
|    fps                  | 156          |
|    iterations           | 25           |
|    time_elapsed         | 76           |
|    total_timesteps      | 12000        |
| train/                  |              |
|    approx_kl            | 0.0028003792 |
|    clip_fraction        | 0.00583      |
|    clip_range           | 0.15         |
|    entropy_loss         | -1.46        |
|    explained_variance   | 0.0208       |
|    learning_rate        | 0.0003       |
|    loss                 | 50.8         |
|    n_updates            | 240          |
|    policy_gradient_loss | -0.00254     |
|    std                  | 1.04         |
|    value_loss           | 106          |
------------------------------------------
-----------------------------------------
| rollout/                |             |
|    ep_len_mean          | 101         |
|    ep_rew_mean          | -36.3       |
| time/                   |             |
|    fps                  | 157         |
|    iterations           | 26          |
|    time_elapsed         | 79          |
|    total_timesteps      | 12480       |
| train/                  |             |
|    approx_kl            | 0.005540453 |
|    clip_fraction        | 0.0633      |
|    clip_range           | 0.15        |
|    entropy_loss         | -1.46       |
|    explained_variance   | 0.0213      |
|    learning_rate        | 0.0003      |
|    loss                 | 52.8        |
|    n_updates            | 250         |
|    policy_gradient_loss | -0.00367    |
|    std                  | 1.04        |
|    value_loss           | 107         |
-----------------------------------------
-------------------------------------------
| rollout/                |               |
|    ep_len_mean          | 101           |
|    ep_rew_mean          | -36.3         |
| time/                   |               |
|    fps                  | 157           |
|    iterations           | 27            |
|    time_elapsed         | 82            |
|    total_timesteps      | 12960         |
| train/                  |               |
|    approx_kl            | 0.00020867685 |
|    clip_fraction        | 0             |
|    clip_range           | 0.15          |
|    entropy_loss         | -1.46         |
|    explained_variance   | 0.0514        |
|    learning_rate        | 0.0003        |
|    loss                 | 62.8          |
|    n_updates            | 260           |
|    policy_gradient_loss | -9.21e-05     |
|    std                  | 1.04          |
|    value_loss           | 128           |
-------------------------------------------
-----------------------------------------
| rollout/                |             |
|    ep_len_mean          | 101         |
|    ep_rew_mean          | -36.3       |
| time/                   |             |
|    fps                  | 158         |
|    iterations           | 28          |
|    time_elapsed         | 84          |
|    total_timesteps      | 13440       |
| train/                  |             |
|    approx_kl            | 0.002171163 |
|    clip_fraction        | 0.0119      |
|    clip_range           | 0.15        |
|    entropy_loss         | -1.46       |
|    explained_variance   | 0.0661      |
|    learning_rate        | 0.0003      |
|    loss                 | 33.8        |
|    n_updates            | 270         |
|    policy_gradient_loss | -0.00149    |
|    std                  | 1.04        |
|    value_loss           | 78.1        |
-----------------------------------------
-----------------------------------------
| rollout/                |             |
|    ep_len_mean          | 100         |
|    ep_rew_mean          | -36.3       |
| time/                   |             |
|    fps                  | 158         |
|    iterations           | 29          |
|    time_elapsed         | 87          |
|    total_timesteps      | 13920       |
| train/                  |             |
|    approx_kl            | 0.001955337 |
|    clip_fraction        | 0.00229     |
|    clip_range           | 0.15        |
|    entropy_loss         | -1.46       |
|    explained_variance   | 0.0925      |
|    learning_rate        | 0.0003      |
|    loss                 | 43.3        |
|    n_updates            | 280         |
|    policy_gradient_loss | -0.00184    |
|    std                  | 1.05        |
|    value_loss           | 90.8        |
-----------------------------------------
------------------------------------------
| rollout/                |              |
|    ep_len_mean          | 99.1         |
|    ep_rew_mean          | -36.3        |
| time/                   |              |
|    fps                  | 159          |
|    iterations           | 30           |
|    time_elapsed         | 90           |
|    total_timesteps      | 14400        |
| train/                  |              |
|    approx_kl            | 0.0016247478 |
|    clip_fraction        | 0.00646      |
|    clip_range           | 0.15         |
|    entropy_loss         | -1.47        |
|    explained_variance   | 0.139        |
|    learning_rate        | 0.0003       |
|    loss                 | 45.2         |
|    n_updates            | 290          |
|    policy_gradient_loss | -0.000568    |
|    std                  | 1.05         |
|    value_loss           | 98.1         |
------------------------------------------
------------------------------------------
| rollout/                |              |
|    ep_len_mean          | 98           |
|    ep_rew_mean          | -36.3        |
| time/                   |              |
|    fps                  | 159          |
|    iterations           | 31           |
|    time_elapsed         | 93           |
|    total_timesteps      | 14880        |
| train/                  |              |
|    approx_kl            | 0.0005892083 |
|    clip_fraction        | 0            |
|    clip_range           | 0.15         |
|    entropy_loss         | -1.47        |
|    explained_variance   | 0.211        |
|    learning_rate        | 0.0003       |
|    loss                 | 48.6         |
|    n_updates            | 300          |
|    policy_gradient_loss | -0.000354    |
|    std                  | 1.05         |
|    value_loss           | 90.9         |
------------------------------------------
------------------------------------------
| rollout/                |              |
|    ep_len_mean          | 96.5         |
|    ep_rew_mean          | -36.4        |
| time/                   |              |
|    fps                  | 159          |
|    iterations           | 32           |
|    time_elapsed         | 96           |
|    total_timesteps      | 15360        |
| train/                  |              |
|    approx_kl            | 0.0020847654 |
|    clip_fraction        | 0.00583      |
|    clip_range           | 0.15         |
|    entropy_loss         | -1.47        |
|    explained_variance   | 0.224        |
|    learning_rate        | 0.0003       |
|    loss                 | 39.2         |
|    n_updates            | 310          |
|    policy_gradient_loss | -0.00145     |
|    std                  | 1.05         |
|    value_loss           | 84.2         |
------------------------------------------
-----------------------------------------
| rollout/                |             |
|    ep_len_mean          | 95.5        |
|    ep_rew_mean          | -36.3       |
| time/                   |             |
|    fps                  | 160         |
|    iterations           | 33          |
|    time_elapsed         | 98          |
|    total_timesteps      | 15840       |
| train/                  |             |
|    approx_kl            | 0.001735119 |
|    clip_fraction        | 0.00271     |
|    clip_range           | 0.15        |
|    entropy_loss         | -1.47       |
|    explained_variance   | 0.322       |
|    learning_rate        | 0.0003      |
|    loss                 | 34          |
|    n_updates            | 320         |
|    policy_gradient_loss | -0.00179    |
|    std                  | 1.05        |
|    value_loss           | 72          |
-----------------------------------------
-------------------------------------------
| rollout/                |               |
|    ep_len_mean          | 94.2          |
|    ep_rew_mean          | -36.3         |
| time/                   |               |
|    fps                  | 160           |
|    iterations           | 34            |
|    time_elapsed         | 101           |
|    total_timesteps      | 16320         |
| train/                  |               |
|    approx_kl            | 0.00022115199 |
|    clip_fraction        | 0             |
|    clip_range           | 0.15          |
|    entropy_loss         | -1.47         |
|    explained_variance   | 0.373         |
|    learning_rate        | 0.0003        |
|    loss                 | 34.6          |
|    n_updates            | 330           |
|    policy_gradient_loss | -0.000292     |
|    std                  | 1.05          |
|    value_loss           | 74.6          |
-------------------------------------------
------------------------------------------
| rollout/                |              |
|    ep_len_mean          | 92.7         |
|    ep_rew_mean          | -36.1        |
| time/                   |              |
|    fps                  | 160          |
|    iterations           | 35           |
|    time_elapsed         | 104          |
|    total_timesteps      | 16800        |
| train/                  |              |
|    approx_kl            | 0.0007000275 |
|    clip_fraction        | 0            |
|    clip_range           | 0.15         |
|    entropy_loss         | -1.47        |
|    explained_variance   | 0.401        |
|    learning_rate        | 0.0003       |
|    loss                 | 31.8         |
|    n_updates            | 340          |
|    policy_gradient_loss | -0.000227    |
|    std                  | 1.06         |
|    value_loss           | 62.9         |
------------------------------------------
-------------------------------------------
| rollout/                |               |
|    ep_len_mean          | 92            |
|    ep_rew_mean          | -36.1         |
| time/                   |               |
|    fps                  | 160           |
|    iterations           | 36            |
|    time_elapsed         | 107           |
|    total_timesteps      | 17280         |
| train/                  |               |
|    approx_kl            | 0.00032620569 |
|    clip_fraction        | 0             |
|    clip_range           | 0.15          |
|    entropy_loss         | -1.47         |
|    explained_variance   | 0.435         |
|    learning_rate        | 0.0003        |
|    loss                 | 31.9          |
|    n_updates            | 350           |
|    policy_gradient_loss | -0.000481     |
|    std                  | 1.06          |
|    value_loss           | 67.6          |
-------------------------------------------
------------------------------------------
| rollout/                |              |
|    ep_len_mean          | 90.7         |
|    ep_rew_mean          | -36.2        |
| time/                   |              |
|    fps                  | 161          |
|    iterations           | 37           |
|    time_elapsed         | 110          |
|    total_timesteps      | 17760        |
| train/                  |              |
|    approx_kl            | 0.0030959423 |
|    clip_fraction        | 0.016        |
|    clip_range           | 0.15         |
|    entropy_loss         | -1.47        |
|    explained_variance   | 0.547        |
|    learning_rate        | 0.0003       |
|    loss                 | 24.2         |
|    n_updates            | 360          |
|    policy_gradient_loss | -0.00301     |
|    std                  | 1.06         |
|    value_loss           | 48           |
------------------------------------------
------------------------------------------
| rollout/                |              |
|    ep_len_mean          | 89.7         |
|    ep_rew_mean          | -36.2        |
| time/                   |              |
|    fps                  | 161          |
|    iterations           | 38           |
|    time_elapsed         | 112          |
|    total_timesteps      | 18240        |
| train/                  |              |
|    approx_kl            | 0.0012746353 |
|    clip_fraction        | 0.00167      |
|    clip_range           | 0.15         |
|    entropy_loss         | -1.48        |
|    explained_variance   | 0.649        |
|    learning_rate        | 0.0003       |
|    loss                 | 18.7         |
|    n_updates            | 370          |
|    policy_gradient_loss | -0.00143     |
|    std                  | 1.06         |
|    value_loss           | 38.9         |
------------------------------------------
------------------------------------------
| rollout/                |              |
|    ep_len_mean          | 88.6         |
|    ep_rew_mean          | -36.2        |
| time/                   |              |
|    fps                  | 161          |
|    iterations           | 39           |
|    time_elapsed         | 115          |
|    total_timesteps      | 18720        |
| train/                  |              |
|    approx_kl            | 0.0014584949 |
|    clip_fraction        | 0.00167      |
|    clip_range           | 0.15         |
|    entropy_loss         | -1.48        |
|    explained_variance   | 0.641        |
|    learning_rate        | 0.0003       |
|    loss                 | 20.8         |
|    n_updates            | 380          |
|    policy_gradient_loss | -0.000542    |
|    std                  | 1.06         |
|    value_loss           | 39.1         |
------------------------------------------
-------------------------------------------
| rollout/                |               |
|    ep_len_mean          | 87.8          |
|    ep_rew_mean          | -36.2         |
| time/                   |               |
|    fps                  | 161           |
|    iterations           | 40            |
|    time_elapsed         | 118           |
|    total_timesteps      | 19200         |
| train/                  |               |
|    approx_kl            | 0.00012477177 |
|    clip_fraction        | 0             |
|    clip_range           | 0.15          |
|    entropy_loss         | -1.48         |
|    explained_variance   | 0.68          |
|    learning_rate        | 0.0003        |
|    loss                 | 16.2          |
|    n_updates            | 390           |
|    policy_gradient_loss | -0.000314     |
|    std                  | 1.06          |
|    value_loss           | 35.6          |
-------------------------------------------
-------------------------------------------
| rollout/                |               |
|    ep_len_mean          | 87            |
|    ep_rew_mean          | -36.2         |
| time/                   |               |
|    fps                  | 162           |
|    iterations           | 41            |
|    time_elapsed         | 121           |
|    total_timesteps      | 19680         |
| train/                  |               |
|    approx_kl            | 0.00027237422 |
|    clip_fraction        | 0             |
|    clip_range           | 0.15          |
|    entropy_loss         | -1.48         |
|    explained_variance   | 0.665         |
|    learning_rate        | 0.0003        |
|    loss                 | 18.6          |
|    n_updates            | 400           |
|    policy_gradient_loss | -0.000479     |
|    std                  | 1.06          |
|    value_loss           | 36.9          |
-------------------------------------------
Eval num_timesteps=20000, episode_reward=-98.23 +/- 0.00
Episode length: 424.00 +/- 0.00
------------------------------------------
| eval/                   |              |
|    mean_ep_length       | 424          |
|    mean_reward          | -98.2        |
| time/                   |              |
|    total_timesteps      | 20000        |
| train/                  |              |
|    approx_kl            | 0.0029348074 |
|    clip_fraction        | 0.0121       |
|    clip_range           | 0.15         |
|    entropy_loss         | -1.48        |
|    explained_variance   | 0.722        |
|    learning_rate        | 0.0003       |
|    loss                 | 15.2         |
|    n_updates            | 410          |
|    policy_gradient_loss | -0.00154     |
|    std                  | 1.06         |
|    value_loss           | 28.5         |
------------------------------------------
---------------------------------
| rollout/           |          |
|    ep_len_mean     | 86.7     |
|    ep_rew_mean     | -36.3    |
| time/              |          |
|    fps             | 151      |
|    iterations      | 42       |
|    time_elapsed    | 133      |
|    total_timesteps | 20160    |
---------------------------------
-------------------------------------------
| rollout/                |               |
|    ep_len_mean          | 86.1          |
|    ep_rew_mean          | -36.3         |
| time/                   |               |
|    fps                  | 151           |
|    iterations           | 43            |
|    time_elapsed         | 136           |
|    total_timesteps      | 20640         |
| train/                  |               |
|    approx_kl            | 0.00025299712 |
|    clip_fraction        | 0             |
|    clip_range           | 0.15          |
|    entropy_loss         | -1.48         |
|    explained_variance   | 0.754         |
|    learning_rate        | 0.0003        |
|    loss                 | 16            |
|    n_updates            | 420           |
|    policy_gradient_loss | -0.000203     |
|    std                  | 1.07          |
|    value_loss           | 30.1          |
-------------------------------------------
----------------------------------------
| rollout/                |            |
|    ep_len_mean          | 86.4       |
|    ep_rew_mean          | -36.1      |
| time/                   |            |
|    fps                  | 152        |
|    iterations           | 44         |
|    time_elapsed         | 138        |
|    total_timesteps      | 21120      |
| train/                  |            |
|    approx_kl            | 0.00567548 |
|    clip_fraction        | 0.035      |
|    clip_range           | 0.15       |
|    entropy_loss         | -1.49      |
|    explained_variance   | 0.766      |
|    learning_rate        | 0.0003     |
|    loss                 | 13         |
|    n_updates            | 430        |
|    policy_gradient_loss | -0.00523   |
|    std                  | 1.07       |
|    value_loss           | 27.8       |
----------------------------------------
-------------------------------------------
| rollout/                |               |
|    ep_len_mean          | 86.9          |
|    ep_rew_mean          | -36           |
| time/                   |               |
|    fps                  | 152           |
|    iterations           | 45            |
|    time_elapsed         | 141           |
|    total_timesteps      | 21600         |
| train/                  |               |
|    approx_kl            | 0.00017621915 |
|    clip_fraction        | 0             |
|    clip_range           | 0.15          |
|    entropy_loss         | -1.49         |
|    explained_variance   | 0.782         |
|    learning_rate        | 0.0003        |
|    loss                 | 13            |
|    n_updates            | 440           |
|    policy_gradient_loss | 0.000477      |
|    std                  | 1.07          |
|    value_loss           | 29.4          |
-------------------------------------------
------------------------------------------
| rollout/                |              |
|    ep_len_mean          | 87.5         |
|    ep_rew_mean          | -36          |
| time/                   |              |
|    fps                  | 152          |
|    iterations           | 46           |
|    time_elapsed         | 144          |
|    total_timesteps      | 22080        |
| train/                  |              |
|    approx_kl            | 0.0005497766 |
|    clip_fraction        | 0            |
|    clip_range           | 0.15         |
|    entropy_loss         | -1.49        |
|    explained_variance   | 0.872        |
|    learning_rate        | 0.0003       |
|    loss                 | 7.31         |
|    n_updates            | 450          |
|    policy_gradient_loss | -0.000788    |
|    std                  | 1.08         |
|    value_loss           | 16.4         |
------------------------------------------
-------------------------------------------
| rollout/                |               |
|    ep_len_mean          | 87.6          |
|    ep_rew_mean          | -36           |
| time/                   |               |
|    fps                  | 153           |
|    iterations           | 47            |
|    time_elapsed         | 147           |
|    total_timesteps      | 22560         |
| train/                  |               |
|    approx_kl            | 4.0852276e-05 |
|    clip_fraction        | 0             |
|    clip_range           | 0.15          |
|    entropy_loss         | -1.5          |
|    explained_variance   | 0.82          |
|    learning_rate        | 0.0003        |
|    loss                 | 10.3          |
|    n_updates            | 460           |
|    policy_gradient_loss | 0.000417      |
|    std                  | 1.08          |
|    value_loss           | 20.9          |
-------------------------------------------
-------------------------------------------
| rollout/                |               |
|    ep_len_mean          | 88            |
|    ep_rew_mean          | -36           |
| time/                   |               |
|    fps                  | 153           |
|    iterations           | 48            |
|    time_elapsed         | 149           |
|    total_timesteps      | 23040         |
| train/                  |               |
|    approx_kl            | 0.00032859668 |
|    clip_fraction        | 0             |
|    clip_range           | 0.15          |
|    entropy_loss         | -1.5          |
|    explained_variance   | 0.85          |
|    learning_rate        | 0.0003        |
|    loss                 | 9.15          |
|    n_updates            | 470           |
|    policy_gradient_loss | -2.4e-05      |
|    std                  | 1.09          |
|    value_loss           | 18.4          |
-------------------------------------------
------------------------------------------
| rollout/                |              |
|    ep_len_mean          | 88.8         |
|    ep_rew_mean          | -36          |
| time/                   |              |
|    fps                  | 154          |
|    iterations           | 49           |
|    time_elapsed         | 152          |
|    total_timesteps      | 23520        |
| train/                  |              |
|    approx_kl            | 0.0030355032 |
|    clip_fraction        | 0.00667      |
|    clip_range           | 0.15         |
|    entropy_loss         | -1.5         |
|    explained_variance   | 0.85         |
|    learning_rate        | 0.0003       |
|    loss                 | 8.59         |
|    n_updates            | 480          |
|    policy_gradient_loss | -0.00252     |
|    std                  | 1.09         |
|    value_loss           | 19.4         |
------------------------------------------
------------------------------------------
| rollout/                |              |
|    ep_len_mean          | 89.4         |
|    ep_rew_mean          | -36          |
| time/                   |              |
|    fps                  | 154          |
|    iterations           | 50           |
|    time_elapsed         | 155          |
|    total_timesteps      | 24000        |
| train/                  |              |
|    approx_kl            | 0.0020515018 |
|    clip_fraction        | 0.0075       |
|    clip_range           | 0.15         |
|    entropy_loss         | -1.51        |
|    explained_variance   | 0.862        |
|    learning_rate        | 0.0003       |
|    loss                 | 8.25         |
|    n_updates            | 490          |
|    policy_gradient_loss | -0.000621    |
|    std                  | 1.09         |
|    value_loss           | 17.6         |
------------------------------------------
------------------------------------------
| rollout/                |              |
|    ep_len_mean          | 90.7         |
|    ep_rew_mean          | -36          |
| time/                   |              |
|    fps                  | 154          |
|    iterations           | 51           |
|    time_elapsed         | 157          |
|    total_timesteps      | 24480        |
| train/                  |              |
|    approx_kl            | 0.0034668492 |
|    clip_fraction        | 0.0133       |
|    clip_range           | 0.15         |
|    entropy_loss         | -1.51        |
|    explained_variance   | 0.878        |
|    learning_rate        | 0.0003       |
|    loss                 | 8.45         |
|    n_updates            | 500          |
|    policy_gradient_loss | -0.00207     |
|    std                  | 1.1          |
|    value_loss           | 17.2         |
------------------------------------------
-----------------------------------------
| rollout/                |             |
|    ep_len_mean          | 91.6        |
|    ep_rew_mean          | -36         |
| time/                   |             |
|    fps                  | 155         |
|    iterations           | 52          |
|    time_elapsed         | 160         |
|    total_timesteps      | 24960       |
| train/                  |             |
|    approx_kl            | 0.003156677 |
|    clip_fraction        | 0.0265      |
|    clip_range           | 0.15        |
|    entropy_loss         | -1.51       |
|    explained_variance   | 0.896       |
|    learning_rate        | 0.0003      |
|    loss                 | 7.66        |
|    n_updates            | 510         |
|    policy_gradient_loss | -0.00171    |
|    std                  | 1.1         |
|    value_loss           | 16          |
-----------------------------------------
-----------------------------------------
| rollout/                |             |
|    ep_len_mean          | 92.6        |
|    ep_rew_mean          | -36         |
| time/                   |             |
|    fps                  | 155         |
|    iterations           | 53          |
|    time_elapsed         | 163         |
|    total_timesteps      | 25440       |
| train/                  |             |
|    approx_kl            | 0.001377831 |
|    clip_fraction        | 0.00104     |
|    clip_range           | 0.15        |
|    entropy_loss         | -1.51       |
|    explained_variance   | 0.914       |
|    learning_rate        | 0.0003      |
|    loss                 | 5.64        |
|    n_updates            | 520         |
|    policy_gradient_loss | -0.000573   |
|    std                  | 1.1         |
|    value_loss           | 12.2        |
-----------------------------------------
---------------------------------------
| rollout/                |           |
|    ep_len_mean          | 93.8      |
|    ep_rew_mean          | -36.3     |
| time/                   |           |
|    fps                  | 156       |
|    iterations           | 54        |
|    time_elapsed         | 165       |
|    total_timesteps      | 25920     |
| train/                  |           |
|    approx_kl            | 0.0041515 |
|    clip_fraction        | 0.0715    |
|    clip_range           | 0.15      |
|    entropy_loss         | -1.51     |
|    explained_variance   | 0.893     |
|    learning_rate        | 0.0003    |
|    loss                 | 7.65      |
|    n_updates            | 530       |
|    policy_gradient_loss | -0.00206  |
|    std                  | 1.1       |
|    value_loss           | 15.7      |
---------------------------------------
------------------------------------------
| rollout/                |              |
|    ep_len_mean          | 95.5         |
|    ep_rew_mean          | -36.3        |
| time/                   |              |
|    fps                  | 156          |
|    iterations           | 55           |
|    time_elapsed         | 168          |
|    total_timesteps      | 26400        |
| train/                  |              |
|    approx_kl            | 0.0029522015 |
|    clip_fraction        | 0.0167       |
|    clip_range           | 0.15         |
|    entropy_loss         | -1.52        |
|    explained_variance   | 0.916        |
|    learning_rate        | 0.0003       |
|    loss                 | 6.07         |
|    n_updates            | 540          |
|    policy_gradient_loss | -0.00117     |
|    std                  | 1.1          |
|    value_loss           | 12.9         |
------------------------------------------
-----------------------------------------
| rollout/                |             |
|    ep_len_mean          | 97.2        |
|    ep_rew_mean          | -36.4       |
| time/                   |             |
|    fps                  | 157         |
|    iterations           | 56          |
|    time_elapsed         | 171         |
|    total_timesteps      | 26880       |
| train/                  |             |
|    approx_kl            | 0.004241679 |
|    clip_fraction        | 0.031       |
|    clip_range           | 0.15        |
|    entropy_loss         | -1.52       |
|    explained_variance   | 0.93        |
|    learning_rate        | 0.0003      |
|    loss                 | 4.35        |
|    n_updates            | 550         |
|    policy_gradient_loss | -0.00255    |
|    std                  | 1.11        |
|    value_loss           | 9.52        |
-----------------------------------------
------------------------------------------
| rollout/                |              |
|    ep_len_mean          | 98.5         |
|    ep_rew_mean          | -36.4        |
| time/                   |              |
|    fps                  | 157          |
|    iterations           | 57           |
|    time_elapsed         | 173          |
|    total_timesteps      | 27360        |
| train/                  |              |
|    approx_kl            | 0.0007784389 |
|    clip_fraction        | 0            |
|    clip_range           | 0.15         |
|    entropy_loss         | -1.52        |
|    explained_variance   | 0.624        |
|    learning_rate        | 0.0003       |
|    loss                 | 16.7         |
|    n_updates            | 560          |
|    policy_gradient_loss | -0.000823    |
|    std                  | 1.11         |
|    value_loss           | 35.3         |
------------------------------------------
------------------------------------------
| rollout/                |              |
|    ep_len_mean          | 100          |
|    ep_rew_mean          | -36.4        |
| time/                   |              |
|    fps                  | 158          |
|    iterations           | 58           |
|    time_elapsed         | 176          |
|    total_timesteps      | 27840        |
| train/                  |              |
|    approx_kl            | 0.0041638985 |
|    clip_fraction        | 0.0167       |
|    clip_range           | 0.15         |
|    entropy_loss         | -1.52        |
|    explained_variance   | 0.901        |
|    learning_rate        | 0.0003       |
|    loss                 | 6.36         |
|    n_updates            | 570          |
|    policy_gradient_loss | -0.00069     |
|    std                  | 1.11         |
|    value_loss           | 13.3         |
------------------------------------------
------------------------------------------
| rollout/                |              |
|    ep_len_mean          | 102          |
|    ep_rew_mean          | -36.4        |
| time/                   |              |
|    fps                  | 158          |
|    iterations           | 59           |
|    time_elapsed         | 178          |
|    total_timesteps      | 28320        |
| train/                  |              |
|    approx_kl            | 0.0025208606 |
|    clip_fraction        | 0.00396      |
|    clip_range           | 0.15         |
|    entropy_loss         | -1.52        |
|    explained_variance   | 0.694        |
|    learning_rate        | 0.0003       |
|    loss                 | 17.6         |
|    n_updates            | 580          |
|    policy_gradient_loss | -0.00127     |
|    std                  | 1.11         |
|    value_loss           | 38.5         |
------------------------------------------
